Error: Cannot find module 'koa'
    at Function.Module._resolveFilename (internal/modules/cjs/loader.js:636:15)
    at Module.Hook._require.Module.require (/root/.nvm/versions/node/v10.16.0/lib/node_modules/pm2/node_modules/require-in-the-middle/index.js:51:27)
    at require (internal/modules/cjs/helpers.js:25:18)
    at Object.<anonymous> (/www/koa2-web-server/app.js:1:13)
    at Module._compile (internal/modules/cjs/loader.js:776:30)
    at Object.Module._extensions..js (internal/modules/cjs/loader.js:787:10)
    at Module.load (internal/modules/cjs/loader.js:653:32)
    at tryModuleLoad (internal/modules/cjs/loader.js:593:12)
    at Function.Module._load (internal/modules/cjs/loader.js:585:3)
    at Module.require (internal/modules/cjs/loader.js:690:17)
Error: Cannot find module 'koa'
    at Function.Module._resolveFilename (internal/modules/cjs/loader.js:636:15)
    at Module.Hook._require.Module.require (/root/.nvm/versions/node/v10.16.0/lib/node_modules/pm2/node_modules/require-in-the-middle/index.js:51:27)
    at require (internal/modules/cjs/helpers.js:25:18)
    at Object.<anonymous> (/www/koa2-web-server/app.js:1:13)
    at Module._compile (internal/modules/cjs/loader.js:776:30)
    at Object.Module._extensions..js (internal/modules/cjs/loader.js:787:10)
    at Module.load (internal/modules/cjs/loader.js:653:32)
    at tryModuleLoad (internal/modules/cjs/loader.js:593:12)
    at Function.Module._load (internal/modules/cjs/loader.js:585:3)
    at Module.require (internal/modules/cjs/loader.js:690:17)
Error: Cannot find module 'koa'
    at Function.Module._resolveFilename (internal/modules/cjs/loader.js:636:15)
    at Module.Hook._require.Module.require (/root/.nvm/versions/node/v10.16.0/lib/node_modules/pm2/node_modules/require-in-the-middle/index.js:51:27)
    at require (internal/modules/cjs/helpers.js:25:18)
    at Object.<anonymous> (/www/koa2-web-server/app.js:1:13)
    at Module._compile (internal/modules/cjs/loader.js:776:30)
    at Object.Module._extensions..js (internal/modules/cjs/loader.js:787:10)
    at Module.load (internal/modules/cjs/loader.js:653:32)
    at tryModuleLoad (internal/modules/cjs/loader.js:593:12)
    at Function.Module._load (internal/modules/cjs/loader.js:585:3)
    at Module.require (internal/modules/cjs/loader.js:690:17)
Error: Cannot find module 'koa'
    at Function.Module._resolveFilename (internal/modules/cjs/loader.js:636:15)
    at Module.Hook._require.Module.require (/root/.nvm/versions/node/v10.16.0/lib/node_modules/pm2/node_modules/require-in-the-middle/index.js:51:27)
    at require (internal/modules/cjs/helpers.js:25:18)
    at Object.<anonymous> (/www/koa2-web-server/app.js:1:13)
    at Module._compile (internal/modules/cjs/loader.js:776:30)
    at Object.Module._extensions..js (internal/modules/cjs/loader.js:787:10)
    at Module.load (internal/modules/cjs/loader.js:653:32)
    at tryModuleLoad (internal/modules/cjs/loader.js:593:12)
    at Function.Module._load (internal/modules/cjs/loader.js:585:3)
    at Module.require (internal/modules/cjs/loader.js:690:17)
Error: Cannot find module 'koa'
    at Function.Module._resolveFilename (internal/modules/cjs/loader.js:636:15)
    at Module.Hook._require.Module.require (/root/.nvm/versions/node/v10.16.0/lib/node_modules/pm2/node_modules/require-in-the-middle/index.js:51:27)
    at require (internal/modules/cjs/helpers.js:25:18)
    at Object.<anonymous> (/www/koa2-web-server/app.js:1:13)
    at Module._compile (internal/modules/cjs/loader.js:776:30)
    at Object.Module._extensions..js (internal/modules/cjs/loader.js:787:10)
    at Module.load (internal/modules/cjs/loader.js:653:32)
    at tryModuleLoad (internal/modules/cjs/loader.js:593:12)
    at Function.Module._load (internal/modules/cjs/loader.js:585:3)
    at Module.require (internal/modules/cjs/loader.js:690:17)
Error: Cannot find module 'koa'
    at Function.Module._resolveFilename (internal/modules/cjs/loader.js:636:15)
    at Module.Hook._require.Module.require (/root/.nvm/versions/node/v10.16.0/lib/node_modules/pm2/node_modules/require-in-the-middle/index.js:51:27)
    at require (internal/modules/cjs/helpers.js:25:18)
    at Object.<anonymous> (/www/koa2-web-server/app.js:1:13)
    at Module._compile (internal/modules/cjs/loader.js:776:30)
    at Object.Module._extensions..js (internal/modules/cjs/loader.js:787:10)
    at Module.load (internal/modules/cjs/loader.js:653:32)
    at tryModuleLoad (internal/modules/cjs/loader.js:593:12)
    at Function.Module._load (internal/modules/cjs/loader.js:585:3)
    at Module.require (internal/modules/cjs/loader.js:690:17)
Error: Cannot find module 'koa'
    at Function.Module._resolveFilename (internal/modules/cjs/loader.js:636:15)
    at Module.Hook._require.Module.require (/root/.nvm/versions/node/v10.16.0/lib/node_modules/pm2/node_modules/require-in-the-middle/index.js:51:27)
    at require (internal/modules/cjs/helpers.js:25:18)
    at Object.<anonymous> (/www/koa2-web-server/app.js:1:13)
    at Module._compile (internal/modules/cjs/loader.js:776:30)
    at Object.Module._extensions..js (internal/modules/cjs/loader.js:787:10)
    at Module.load (internal/modules/cjs/loader.js:653:32)
    at tryModuleLoad (internal/modules/cjs/loader.js:593:12)
    at Function.Module._load (internal/modules/cjs/loader.js:585:3)
    at Module.require (internal/modules/cjs/loader.js:690:17)
Error: Cannot find module 'koa'
    at Function.Module._resolveFilename (internal/modules/cjs/loader.js:636:15)
    at Module.Hook._require.Module.require (/root/.nvm/versions/node/v10.16.0/lib/node_modules/pm2/node_modules/require-in-the-middle/index.js:51:27)
    at require (internal/modules/cjs/helpers.js:25:18)
    at Object.<anonymous> (/www/koa2-web-server/app.js:1:13)
    at Module._compile (internal/modules/cjs/loader.js:776:30)
    at Object.Module._extensions..js (internal/modules/cjs/loader.js:787:10)
    at Module.load (internal/modules/cjs/loader.js:653:32)
    at tryModuleLoad (internal/modules/cjs/loader.js:593:12)
    at Function.Module._load (internal/modules/cjs/loader.js:585:3)
    at Module.require (internal/modules/cjs/loader.js:690:17)
Error: Cannot find module 'koa'
    at Function.Module._resolveFilename (internal/modules/cjs/loader.js:636:15)
    at Module.Hook._require.Module.require (/root/.nvm/versions/node/v10.16.0/lib/node_modules/pm2/node_modules/require-in-the-middle/index.js:51:27)
    at require (internal/modules/cjs/helpers.js:25:18)
    at Object.<anonymous> (/www/koa2-web-server/app.js:1:13)
    at Module._compile (internal/modules/cjs/loader.js:776:30)
    at Object.Module._extensions..js (internal/modules/cjs/loader.js:787:10)
    at Module.load (internal/modules/cjs/loader.js:653:32)
    at tryModuleLoad (internal/modules/cjs/loader.js:593:12)
    at Function.Module._load (internal/modules/cjs/loader.js:585:3)
    at Module.require (internal/modules/cjs/loader.js:690:17)
Error: Cannot find module 'koa'
    at Function.Module._resolveFilename (internal/modules/cjs/loader.js:636:15)
    at Module.Hook._require.Module.require (/root/.nvm/versions/node/v10.16.0/lib/node_modules/pm2/node_modules/require-in-the-middle/index.js:51:27)
    at require (internal/modules/cjs/helpers.js:25:18)
    at Object.<anonymous> (/www/koa2-web-server/app.js:1:13)
    at Module._compile (internal/modules/cjs/loader.js:776:30)
    at Object.Module._extensions..js (internal/modules/cjs/loader.js:787:10)
    at Module.load (internal/modules/cjs/loader.js:653:32)
    at tryModuleLoad (internal/modules/cjs/loader.js:593:12)
    at Function.Module._load (internal/modules/cjs/loader.js:585:3)
    at Module.require (internal/modules/cjs/loader.js:690:17)
Error: Cannot find module 'koa'
    at Function.Module._resolveFilename (internal/modules/cjs/loader.js:636:15)
    at Module.Hook._require.Module.require (/root/.nvm/versions/node/v10.16.0/lib/node_modules/pm2/node_modules/require-in-the-middle/index.js:51:27)
    at require (internal/modules/cjs/helpers.js:25:18)
    at Object.<anonymous> (/www/koa2-web-server/app.js:1:13)
    at Module._compile (internal/modules/cjs/loader.js:776:30)
    at Object.Module._extensions..js (internal/modules/cjs/loader.js:787:10)
    at Module.load (internal/modules/cjs/loader.js:653:32)
    at tryModuleLoad (internal/modules/cjs/loader.js:593:12)
    at Function.Module._load (internal/modules/cjs/loader.js:585:3)
    at Module.require (internal/modules/cjs/loader.js:690:17)
Error: Cannot find module 'koa'
    at Function.Module._resolveFilename (internal/modules/cjs/loader.js:636:15)
    at Module.Hook._require.Module.require (/root/.nvm/versions/node/v10.16.0/lib/node_modules/pm2/node_modules/require-in-the-middle/index.js:51:27)
    at require (internal/modules/cjs/helpers.js:25:18)
    at Object.<anonymous> (/www/koa2-web-server/app.js:1:13)
    at Module._compile (internal/modules/cjs/loader.js:776:30)
    at Object.Module._extensions..js (internal/modules/cjs/loader.js:787:10)
    at Module.load (internal/modules/cjs/loader.js:653:32)
    at tryModuleLoad (internal/modules/cjs/loader.js:593:12)
    at Function.Module._load (internal/modules/cjs/loader.js:585:3)
    at Module.require (internal/modules/cjs/loader.js:690:17)
Error: Cannot find module 'koa'
    at Function.Module._resolveFilename (internal/modules/cjs/loader.js:636:15)
    at Module.Hook._require.Module.require (/root/.nvm/versions/node/v10.16.0/lib/node_modules/pm2/node_modules/require-in-the-middle/index.js:51:27)
    at require (internal/modules/cjs/helpers.js:25:18)
    at Object.<anonymous> (/www/koa2-web-server/app.js:1:13)
    at Module._compile (internal/modules/cjs/loader.js:776:30)
    at Object.Module._extensions..js (internal/modules/cjs/loader.js:787:10)
    at Module.load (internal/modules/cjs/loader.js:653:32)
    at tryModuleLoad (internal/modules/cjs/loader.js:593:12)
    at Function.Module._load (internal/modules/cjs/loader.js:585:3)
    at Module.require (internal/modules/cjs/loader.js:690:17)
Error: Cannot find module 'koa'
    at Function.Module._resolveFilename (internal/modules/cjs/loader.js:636:15)
    at Module.Hook._require.Module.require (/root/.nvm/versions/node/v10.16.0/lib/node_modules/pm2/node_modules/require-in-the-middle/index.js:51:27)
    at require (internal/modules/cjs/helpers.js:25:18)
    at Object.<anonymous> (/www/koa2-web-server/app.js:1:13)
    at Module._compile (internal/modules/cjs/loader.js:776:30)
    at Object.Module._extensions..js (internal/modules/cjs/loader.js:787:10)
    at Module.load (internal/modules/cjs/loader.js:653:32)
    at tryModuleLoad (internal/modules/cjs/loader.js:593:12)
    at Function.Module._load (internal/modules/cjs/loader.js:585:3)
    at Module.require (internal/modules/cjs/loader.js:690:17)
Error: Cannot find module 'koa'
    at Function.Module._resolveFilename (internal/modules/cjs/loader.js:636:15)
    at Module.Hook._require.Module.require (/root/.nvm/versions/node/v10.16.0/lib/node_modules/pm2/node_modules/require-in-the-middle/index.js:51:27)
    at require (internal/modules/cjs/helpers.js:25:18)
    at Object.<anonymous> (/www/koa2-web-server/app.js:1:13)
    at Module._compile (internal/modules/cjs/loader.js:776:30)
    at Object.Module._extensions..js (internal/modules/cjs/loader.js:787:10)
    at Module.load (internal/modules/cjs/loader.js:653:32)
    at tryModuleLoad (internal/modules/cjs/loader.js:593:12)
    at Function.Module._load (internal/modules/cjs/loader.js:585:3)
    at Module.require (internal/modules/cjs/loader.js:690:17)
Error: Cannot find module 'koa'
    at Function.Module._resolveFilename (internal/modules/cjs/loader.js:636:15)
    at Module.Hook._require.Module.require (/root/.nvm/versions/node/v10.16.0/lib/node_modules/pm2/node_modules/require-in-the-middle/index.js:51:27)
    at require (internal/modules/cjs/helpers.js:25:18)
    at Object.<anonymous> (/www/koa2-web-server/app.js:1:13)
    at Module._compile (internal/modules/cjs/loader.js:776:30)
    at Object.Module._extensions..js (internal/modules/cjs/loader.js:787:10)
    at Module.load (internal/modules/cjs/loader.js:653:32)
    at tryModuleLoad (internal/modules/cjs/loader.js:593:12)
    at Function.Module._load (internal/modules/cjs/loader.js:585:3)
    at Module.require (internal/modules/cjs/loader.js:690:17)
